Using pre-set license
Built from '2021.3/staging' branch; Version is '2021.3.24f1 (cf10dcf7010d) revision 13570268'; Using compiler version '192829333'; Build Type 'Release'
OS: 'Windows 10  (10.0.19045) 64bit CoreSingleLanguage' Language: 'es' Physical Memory: 8062 MB
BatchMode: 1, IsHumanControllingUs: 0, StartBugReporterOnCrash: 0, Is64bit: 1, IsPro: 1

COMMAND LINE ARGUMENTS:
C:\Program Files\Unity\Hub\Editor\2021.3.24f1\Editor\Unity.exe
-adb2
-batchMode
-noUpm
-name
AssetImportWorker2
-projectPath
C:/Users/Alejandro oviedo/My project (2)
-logFile
Logs/AssetImportWorker2.log
-srvPort
53396
Successfully changed project path to: C:/Users/Alejandro oviedo/My project (2)
C:/Users/Alejandro oviedo/My project (2)
[UnityMemory] Configuration Parameters - Can be set up in boot.config
    "memorysetup-bucket-allocator-granularity=16"
    "memorysetup-bucket-allocator-bucket-count=8"
    "memorysetup-bucket-allocator-block-size=33554432"
    "memorysetup-bucket-allocator-block-count=8"
    "memorysetup-main-allocator-block-size=16777216"
    "memorysetup-thread-allocator-block-size=16777216"
    "memorysetup-gfx-main-allocator-block-size=16777216"
    "memorysetup-gfx-thread-allocator-block-size=16777216"
    "memorysetup-cache-allocator-block-size=4194304"
    "memorysetup-typetree-allocator-block-size=2097152"
    "memorysetup-profiler-bucket-allocator-granularity=16"
    "memorysetup-profiler-bucket-allocator-bucket-count=8"
    "memorysetup-profiler-bucket-allocator-block-size=33554432"
    "memorysetup-profiler-bucket-allocator-block-count=8"
    "memorysetup-profiler-allocator-block-size=16777216"
    "memorysetup-profiler-editor-allocator-block-size=1048576"
    "memorysetup-temp-allocator-size-main=16777216"
    "memorysetup-job-temp-allocator-block-size=2097152"
    "memorysetup-job-temp-allocator-block-size-background=1048576"
    "memorysetup-job-temp-allocator-reduction-small-platforms=262144"
    "memorysetup-temp-allocator-size-background-worker=32768"
    "memorysetup-temp-allocator-size-job-worker=262144"
    "memorysetup-temp-allocator-size-preload-manager=33554432"
    "memorysetup-temp-allocator-size-nav-mesh-worker=65536"
    "memorysetup-temp-allocator-size-audio-worker=65536"
    "memorysetup-temp-allocator-size-cloud-worker=32768"
    "memorysetup-temp-allocator-size-gi-baking-worker=262144"
    "memorysetup-temp-allocator-size-gfx=262144"
Player connection [8396] Host "[IP] 192.168.0.12 [Port] 0 [Flags] 2 [Guid] 2113925956 [EditorId] 2113925956 [Version] 1048832 [Id] WindowsEditor(7,DESKTOP-RVBEHFS) [Debug] 1 [PackageName] WindowsEditor [ProjectName] Editor" joined multi-casting on [225.0.0.222:54997]...

Player connection [8396] Host "[IP] 192.168.0.12 [Port] 0 [Flags] 2 [Guid] 2113925956 [EditorId] 2113925956 [Version] 1048832 [Id] WindowsEditor(7,DESKTOP-RVBEHFS) [Debug] 1 [PackageName] WindowsEditor [ProjectName] Editor" joined alternative multi-casting on [225.0.0.222:34997]...

Refreshing native plugins compatible for Editor in 151.92 ms, found 4 plugins.
Preloading 0 native plugins for Editor in 0.00 ms.
Initialize engine version: 2021.3.24f1 (cf10dcf7010d)
[Subsystems] Discovering subsystems at path C:/Program Files/Unity/Hub/Editor/2021.3.24f1/Editor/Data/Resources/UnitySubsystems
[Subsystems] Discovering subsystems at path C:/Users/Alejandro oviedo/My project (2)/Assets
GfxDevice: creating device client; threaded=0; jobified=0
Direct3D:
    Version:  Direct3D 11.0 [level 11.1]
    Renderer: Intel(R) HD Graphics (ID=0x402)
    Vendor:   Intel
    VRAM:     2048 MB
Initialize mono
Mono path[0] = 'C:/Program Files/Unity/Hub/Editor/2021.3.24f1/Editor/Data/Managed'
Mono path[1] = 'C:/Program Files/Unity/Hub/Editor/2021.3.24f1/Editor/Data/MonoBleedingEdge/lib/mono/unityjit-win32'
Mono config path = 'C:/Program Files/Unity/Hub/Editor/2021.3.24f1/Editor/Data/MonoBleedingEdge/etc'
Using monoOptions --debugger-agent=transport=dt_socket,embedding=1,server=y,suspend=n,address=127.0.0.1:56644
Begin MonoManager ReloadAssembly
Registering precompiled unity dll's ...
Register platform support module: C:/Program Files/Unity/Hub/Editor/2021.3.24f1/Editor/Data/PlaybackEngines/WebGLSupport/UnityEditor.WebGL.Extensions.dll
Register platform support module: C:/Program Files/Unity/Hub/Editor/2021.3.24f1/Editor/Data/PlaybackEngines/WindowsStandaloneSupport/UnityEditor.WindowsStandalone.Extensions.dll
Registered in 0.017229 seconds.
Native extension for WindowsStandalone target not found
Native extension for WebGL target not found
Refreshing native plugins compatible for Editor in 142.96 ms, found 4 plugins.
Preloading 0 native plugins for Editor in 0.00 ms.
Mono: successfully reloaded assembly
- Completed reload, in  1.228 seconds
Domain Reload Profiling:
	ReloadAssembly (1229ms)
		BeginReloadAssembly (189ms)
			ExecutionOrderSort (0ms)
			DisableScriptedObjects (0ms)
			BackupInstance (0ms)
			ReleaseScriptingObjects (0ms)
			CreateAndSetChildDomain (1ms)
		EndReloadAssembly (851ms)
			LoadAssemblies (189ms)
			RebuildTransferFunctionScriptingTraits (0ms)
			SetupTypeCache (202ms)
			ReleaseScriptCaches (0ms)
			RebuildScriptCaches (54ms)
			SetupLoadedEditorAssemblies (499ms)
				LogAssemblyErrors (0ms)
				InitializePlatformSupportModulesInManaged (18ms)
				SetLoadedEditorAssemblies (0ms)
				RefreshPlugins (143ms)
				BeforeProcessingInitializeOnLoad (2ms)
				ProcessInitializeOnLoadAttributes (249ms)
				ProcessInitializeOnLoadMethodAttributes (86ms)
				AfterProcessingInitializeOnLoad (0ms)
				EditorAssembliesLoaded (0ms)
			ExecutionOrderSort2 (0ms)
			AwakeInstancesAfterBackupRestoration (0ms)
Platform modules already initialized, skipping
Registering precompiled user dll's ...
Registered in 0.015283 seconds.
Begin MonoManager ReloadAssembly
Symbol file LoadedFromMemory doesn't match image C:\Users\Alejandro oviedo\My project (2)\Library\PackageCache\com.unity.visualscripting@1.8.0\Editor\VisualScripting.Core\Dependencies\YamlDotNet\Unity.VisualScripting.YamlDotNet.dll
Symbol file LoadedFromMemory doesn't match image C:\Users\Alejandro oviedo\My project (2)\Library\PackageCache\com.unity.visualscripting@1.8.0\Editor\VisualScripting.Core\Dependencies\DotNetZip\Unity.VisualScripting.IonicZip.dll
Native extension for WindowsStandalone target not found
Native extension for WebGL target not found
Refreshing native plugins compatible for Editor in 139.31 ms, found 4 plugins.
Preloading 0 native plugins for Editor in 0.00 ms.
Mono: successfully reloaded assembly
- Completed reload, in  2.788 seconds
Domain Reload Profiling:
	ReloadAssembly (2790ms)
		BeginReloadAssembly (242ms)
			ExecutionOrderSort (0ms)
			DisableScriptedObjects (13ms)
			BackupInstance (0ms)
			ReleaseScriptingObjects (0ms)
			CreateAndSetChildDomain (35ms)
		EndReloadAssembly (2189ms)
			LoadAssemblies (718ms)
			RebuildTransferFunctionScriptingTraits (0ms)
			SetupTypeCache (452ms)
			ReleaseScriptCaches (1ms)
			RebuildScriptCaches (115ms)
			SetupLoadedEditorAssemblies (846ms)
				LogAssemblyErrors (0ms)
				InitializePlatformSupportModulesInManaged (11ms)
				SetLoadedEditorAssemblies (0ms)
				RefreshPlugins (139ms)
				BeforeProcessingInitializeOnLoad (178ms)
				ProcessInitializeOnLoadAttributes (423ms)
				ProcessInitializeOnLoadMethodAttributes (79ms)
				AfterProcessingInitializeOnLoad (15ms)
				EditorAssembliesLoaded (0ms)
			ExecutionOrderSort2 (0ms)
			AwakeInstancesAfterBackupRestoration (10ms)
Platform modules already initialized, skipping
========================================================================
Worker process is ready to serve import requests
Launched and connected shader compiler UnityShaderCompiler.exe after 0.13 seconds
Refreshing native plugins compatible for Editor in 1.94 ms, found 4 plugins.
Preloading 0 native plugins for Editor in 0.00 ms.
Unloading 3759 Unused Serialized files (Serialized files now loaded: 0)
Unloading 41 unused Assets / (229.4 KB). Loaded Objects now: 4213.
Memory consumption went from 145.3 MB to 145.1 MB.
Total: 5.557800 ms (FindLiveObjects: 0.402400 ms CreateObjectMapping: 0.235200 ms MarkObjects: 4.680500 ms  DeleteObjects: 0.238200 ms)

AssetImportParameters requested are different than current active one (requested -> active):
  custom:video-decoder-ogg-theora: a1e56fd34408186e4bbccfd4996cb3dc -> 
  custom:container-muxer-webm: aa71ff27fc2769a1b78a27578f13a17b -> 
  custom:container-demuxer-webm: 4f35f7cbe854078d1ac9338744f61a02 -> 
  custom:video-encoder-webm-vp8: eb34c28f22e8b96e1ab97ce403110664 -> 
  custom:audio-encoder-webm-vorbis: bf7c407c2cedff20999df2af8eb42d56 -> 
  custom:framework-win-MediaFoundation: 216162199b28c13a410421893ffa2e32 -> 
  custom:container-demuxer-ogg: 62fdf1f143b41e24485cea50d1cbac27 -> 
  custom:video-decoder-webm-vp8: 9c59270c3fd7afecdb556c50c9e8de78 -> 
  custom:audio-decoder-ogg-vorbis: bf7c407c2cedff20999df2af8eb42d56 -> 
========================================================================
Received Import Request.
  Time since last request: 491521.118653 seconds.
  path: Assets/Fonts/LuckiestGuy.ttf
  artifactKey: Guid(beca4be8c2d0faa448854fbcaf45076c) Importer(815301076,1909f56bfc062723c751e8b465ee728b)
Start importing Assets/Fonts/LuckiestGuy.ttf using Guid(beca4be8c2d0faa448854fbcaf45076c) Importer(815301076,1909f56bfc062723c751e8b465ee728b)  -> (artifact id: 'a4390d1e156745de4281bf0cd1643559') in 0.271843 seconds 
========================================================================
Received Import Request.
  Time since last request: 0.000044 seconds.
  path: Assets/Sounds/hit.wav
  artifactKey: Guid(c3a741ce759e08d45893b9f1c6904b5a) Importer(815301076,1909f56bfc062723c751e8b465ee728b)
Start importing Assets/Sounds/hit.wav using Guid(c3a741ce759e08d45893b9f1c6904b5a) Importer(815301076,1909f56bfc062723c751e8b465ee728b)  -> (artifact id: 'd584b5a909e44d77df555f69fac793f0') in 0.186889 seconds 
========================================================================
Received Import Request.
  Time since last request: 0.000053 seconds.
  path: Assets/Sprites/Azul.png
  artifactKey: Guid(6d01f5f4fb5ae1146bcd17c4d756a209) Importer(815301076,1909f56bfc062723c751e8b465ee728b)
Start importing Assets/Sprites/Azul.png using Guid(6d01f5f4fb5ae1146bcd17c4d756a209) Importer(815301076,1909f56bfc062723c751e8b465ee728b)  -> (artifact id: '780c1c1dd8c3aaf6805a7e1710b7bcbc') in 0.108892 seconds 
========================================================================
Received Import Request.
  Time since last request: 0.000026 seconds.
  path: Assets/Sprites/Verde.png
  artifactKey: Guid(4bfbec09b4ca36948a2ef9b3106ec06b) Importer(815301076,1909f56bfc062723c751e8b465ee728b)
Start importing Assets/Sprites/Verde.png using Guid(4bfbec09b4ca36948a2ef9b3106ec06b) Importer(815301076,1909f56bfc062723c751e8b465ee728b)  -> (artifact id: '4dcdebb9c202babd5b9fbe08542ba40f') in 0.041388 seconds 
========================================================================
Received Import Request.
  Time since last request: 0.000025 seconds.
  path: Assets/Scenes/menuinicial.unity
  artifactKey: Guid(e232879b7dc413242a45320daceda3cd) Importer(815301076,1909f56bfc062723c751e8b465ee728b)
Start importing Assets/Scenes/menuinicial.unity using Guid(e232879b7dc413242a45320daceda3cd) Importer(815301076,1909f56bfc062723c751e8b465ee728b)  -> (artifact id: '2dbc7b7b8a9d7b5de9d0ed9d51881323') in 0.014645 seconds 
========================================================================
Received Import Request.
  Time since last request: 0.000031 seconds.
  path: Assets/Sprites/BirdHero.png
  artifactKey: Guid(1581eac27b355174a9e978f1387ff106) Importer(815301076,1909f56bfc062723c751e8b465ee728b)
Start importing Assets/Sprites/BirdHero.png using Guid(1581eac27b355174a9e978f1387ff106) Importer(815301076,1909f56bfc062723c751e8b465ee728b)  -> (artifact id: '86b3bfcd221e72f87b96978966c205a1') in 0.093201 seconds 
========================================================================
Received Import Request.
  Time since last request: 0.000029 seconds.
  path: Assets/Prefabs/Columns.prefab
  artifactKey: Guid(7df48095ad420f34eadee6781f523568) Importer(815301076,1909f56bfc062723c751e8b465ee728b)
Start importing Assets/Prefabs/Columns.prefab using Guid(7df48095ad420f34eadee6781f523568) Importer(815301076,1909f56bfc062723c751e8b465ee728b)  -> (artifact id: '6673e84f3bc580465b6372f05a3e2b7e') in 0.079650 seconds 
========================================================================
Received Import Request.
  Time since last request: 0.000585 seconds.
  path: Assets/Scenes/main.unity
  artifactKey: Guid(4b9ead88fe8d24240bd039ee308652c5) Importer(815301076,1909f56bfc062723c751e8b465ee728b)
Start importing Assets/Scenes/main.unity using Guid(4b9ead88fe8d24240bd039ee308652c5) Importer(815301076,1909f56bfc062723c751e8b465ee728b)  -> (artifact id: '9d11f00472902eb6d30c7c691baf0d7e') in 0.030289 seconds 
========================================================================
Received Import Request.
  Time since last request: 0.000337 seconds.
  path: Assets/Script/New Character Database.asset
  artifactKey: Guid(0fc62a703a6a3a34bb0b6ac802a30045) Importer(815301076,1909f56bfc062723c751e8b465ee728b)
Start importing Assets/Script/New Character Database.asset using Guid(0fc62a703a6a3a34bb0b6ac802a30045) Importer(815301076,1909f56bfc062723c751e8b465ee728b)  -> (artifact id: '5b7daf637335014a7071389669109387') in 0.046786 seconds 
========================================================================
Received Import Request.
  Time since last request: 0.000025 seconds.
  path: Assets/Sprites/GrassThinSprite.png
  artifactKey: Guid(9ea2860227598fb48a82c21a8fd14c9d) Importer(815301076,1909f56bfc062723c751e8b465ee728b)
Start importing Assets/Sprites/GrassThinSprite.png using Guid(9ea2860227598fb48a82c21a8fd14c9d) Importer(815301076,1909f56bfc062723c751e8b465ee728b)  -> (artifact id: '15d51e483ed190bc7520737d62707dbb') in 0.173835 seconds 
========================================================================
Received Import Request.
  Time since last request: 0.000273 seconds.
  path: Assets/Sounds/point.wav
  artifactKey: Guid(4053f0e6796906349ad05e0b8c89aa03) Importer(815301076,1909f56bfc062723c751e8b465ee728b)
Start importing Assets/Sounds/point.wav using Guid(4053f0e6796906349ad05e0b8c89aa03) Importer(815301076,1909f56bfc062723c751e8b465ee728b)  -> (artifact id: '6a8b7bfb8e047ccd7d2cd89e2ea44078') in 0.039452 seconds 
========================================================================
Received Import Request.
  Time since last request: 0.000025 seconds.
  path: Assets/Music/POL-snowy-hill-short.wav
  artifactKey: Guid(1e3ee5e2e905e214bb6b6623513e1b7b) Importer(815301076,1909f56bfc062723c751e8b465ee728b)
Start importing Assets/Music/POL-snowy-hill-short.wav using Guid(1e3ee5e2e905e214bb6b6623513e1b7b) Importer(815301076,1909f56bfc062723c751e8b465ee728b)  -> (artifact id: '1d58623bac30b746287a9c8aa953057e') in 0.081878 seconds 
========================================================================
Received Import Request.
  Time since last request: 0.000025 seconds.
  path: Assets/Sounds/flap.wav
  artifactKey: Guid(b96373acee5adb143bd995ac39c9df4d) Importer(815301076,1909f56bfc062723c751e8b465ee728b)
Start importing Assets/Sounds/flap.wav using Guid(b96373acee5adb143bd995ac39c9df4d) Importer(815301076,1909f56bfc062723c751e8b465ee728b)  -> (artifact id: '8c0fdd13e4f971de53f8511a7a807975') in 0.027102 seconds 
========================================================================
Received Import Request.
  Time since last request: 0.000026 seconds.
  path: Assets/Sprites/flehca.png
  artifactKey: Guid(8b3a6bdbc4863bd4cbd2db6782f93e10) Importer(815301076,1909f56bfc062723c751e8b465ee728b)
Start importing Assets/Sprites/flehca.png using Guid(8b3a6bdbc4863bd4cbd2db6782f93e10) Importer(815301076,1909f56bfc062723c751e8b465ee728b)  -> (artifact id: 'e2c3c182d9ea3a3757810972e6591313') in 0.144548 seconds 
========================================================================
Received Import Request.
  Time since last request: 0.000034 seconds.
  path: Assets/Sprites/ColumnSprite.png
  artifactKey: Guid(856aa5ceff3802e4c89b01182c8838ea) Importer(815301076,1909f56bfc062723c751e8b465ee728b)
Start importing Assets/Sprites/ColumnSprite.png using Guid(856aa5ceff3802e4c89b01182c8838ea) Importer(815301076,1909f56bfc062723c751e8b465ee728b)  -> (artifact id: 'aad2fba15926e9314d7e21f62375994e') in 0.093730 seconds 
========================================================================
Received Import Request.
  Time since last request: 0.000044 seconds.
  path: Assets/Sprites/SkyTileSprite.png
  artifactKey: Guid(6d8b2d102f42a4b4bab01911c858178e) Importer(815301076,1909f56bfc062723c751e8b465ee728b)
Start importing Assets/Sprites/SkyTileSprite.png using Guid(6d8b2d102f42a4b4bab01911c858178e) Importer(815301076,1909f56bfc062723c751e8b465ee728b)  -> (artifact id: 'e6f741fb5bf11191d8eaf83a5ade99a8') in 0.240436 seconds 
========================================================================
Received Import Request.
  Time since last request: 1591.934094 seconds.
  path: Assets/Animations/Idle.anim
  artifactKey: Guid(ef3e8db2eb4e39a46b266aa0343090eb) Importer(815301076,1909f56bfc062723c751e8b465ee728b)
Start importing Assets/Animations/Idle.anim using Guid(ef3e8db2eb4e39a46b266aa0343090eb) Importer(815301076,1909f56bfc062723c751e8b465ee728b)  -> (artifact id: '82844d765f993d7cbfe17ff16c3a9c46') in 0.077509 seconds 
========================================================================
Received Import Request.
  Time since last request: 0.876177 seconds.
  path: Assets/Animations/Bird 3.controller
  artifactKey: Guid(d1dda1bbcd13f9b4c8589da12144be15) Importer(815301076,1909f56bfc062723c751e8b465ee728b)
Start importing Assets/Animations/Bird 3.controller using Guid(d1dda1bbcd13f9b4c8589da12144be15) Importer(815301076,1909f56bfc062723c751e8b465ee728b)  -> (artifact id: '5f537f2607a6d80cd4417e8b4da0ce58') in 0.057150 seconds 
