Using pre-set license
Built from '2021.3/staging' branch; Version is '2021.3.25f1 (68ef2c4f8861) revision 6876972'; Using compiler version '192829333'; Build Type 'Release'
OS: 'Windows 10  (10.0.18363) 64bit ProfessionalEducation' Language: 'es' Physical Memory: 16174 MB
BatchMode: 1, IsHumanControllingUs: 0, StartBugReporterOnCrash: 0, Is64bit: 1, IsPro: 1

COMMAND LINE ARGUMENTS:
C:\Program Files\Unity\Hub\Editor\2021.3.25f1\Editor\Unity.exe
-adb2
-batchMode
-noUpm
-name
AssetImportWorker0
-projectPath
C:/Users/Alumno/My project (2)
-logFile
Logs/AssetImportWorker0.log
-srvPort
50086
Successfully changed project path to: C:/Users/Alumno/My project (2)
C:/Users/Alumno/My project (2)
[UnityMemory] Configuration Parameters - Can be set up in boot.config
    "memorysetup-bucket-allocator-granularity=16"
    "memorysetup-bucket-allocator-bucket-count=8"
    "memorysetup-bucket-allocator-block-size=33554432"
    "memorysetup-bucket-allocator-block-count=8"
    "memorysetup-main-allocator-block-size=16777216"
    "memorysetup-thread-allocator-block-size=16777216"
    "memorysetup-gfx-main-allocator-block-size=16777216"
    "memorysetup-gfx-thread-allocator-block-size=16777216"
    "memorysetup-cache-allocator-block-size=4194304"
    "memorysetup-typetree-allocator-block-size=2097152"
    "memorysetup-profiler-bucket-allocator-granularity=16"
    "memorysetup-profiler-bucket-allocator-bucket-count=8"
    "memorysetup-profiler-bucket-allocator-block-size=33554432"
    "memorysetup-profiler-bucket-allocator-block-count=8"
    "memorysetup-profiler-allocator-block-size=16777216"
    "memorysetup-profiler-editor-allocator-block-size=1048576"
    "memorysetup-temp-allocator-size-main=16777216"
    "memorysetup-job-temp-allocator-block-size=2097152"
    "memorysetup-job-temp-allocator-block-size-background=1048576"
    "memorysetup-job-temp-allocator-reduction-small-platforms=262144"
    "memorysetup-temp-allocator-size-background-worker=32768"
    "memorysetup-temp-allocator-size-job-worker=262144"
    "memorysetup-temp-allocator-size-preload-manager=33554432"
    "memorysetup-temp-allocator-size-nav-mesh-worker=65536"
    "memorysetup-temp-allocator-size-audio-worker=65536"
    "memorysetup-temp-allocator-size-cloud-worker=32768"
    "memorysetup-temp-allocator-size-gi-baking-worker=262144"
    "memorysetup-temp-allocator-size-gfx=262144"
Player connection [11864] Host "[IP] 10.120.3.185 [Port] 0 [Flags] 2 [Guid] 2049473002 [EditorId] 2049473002 [Version] 1048832 [Id] WindowsEditor(7,DESKTOP-E09EIUH) [Debug] 1 [PackageName] WindowsEditor [ProjectName] Editor" joined multi-casting on [225.0.0.222:54997]...

Player connection [11864] Host "[IP] 10.120.3.185 [Port] 0 [Flags] 2 [Guid] 2049473002 [EditorId] 2049473002 [Version] 1048832 [Id] WindowsEditor(7,DESKTOP-E09EIUH) [Debug] 1 [PackageName] WindowsEditor [ProjectName] Editor" joined alternative multi-casting on [225.0.0.222:34997]...

Refreshing native plugins compatible for Editor in 88.38 ms, found 4 plugins.
Preloading 0 native plugins for Editor in 0.00 ms.
Initialize engine version: 2021.3.25f1 (68ef2c4f8861)
[Subsystems] Discovering subsystems at path C:/Program Files/Unity/Hub/Editor/2021.3.25f1/Editor/Data/Resources/UnitySubsystems
[Subsystems] Discovering subsystems at path C:/Users/Alumno/My project (2)/Assets
GfxDevice: creating device client; threaded=0; jobified=0
Direct3D:
    Version:  Direct3D 11.0 [level 11.1]
    Renderer: NVIDIA GeForce GTX 1660 (ID=0x2184)
    Vendor:   NVIDIA
    VRAM:     5980 MB
    Driver:   31.0.15.2824
Initialize mono
Mono path[0] = 'C:/Program Files/Unity/Hub/Editor/2021.3.25f1/Editor/Data/Managed'
Mono path[1] = 'C:/Program Files/Unity/Hub/Editor/2021.3.25f1/Editor/Data/MonoBleedingEdge/lib/mono/unityjit-win32'
Mono config path = 'C:/Program Files/Unity/Hub/Editor/2021.3.25f1/Editor/Data/MonoBleedingEdge/etc'
Using monoOptions --debugger-agent=transport=dt_socket,embedding=1,server=y,suspend=n,address=127.0.0.1:56304
Begin MonoManager ReloadAssembly
Registering precompiled unity dll's ...
Register platform support module: C:/Program Files/Unity/Hub/Editor/2021.3.25f1/Editor/Data/PlaybackEngines/WebGLSupport/UnityEditor.WebGL.Extensions.dll
Register platform support module: C:/Program Files/Unity/Hub/Editor/2021.3.25f1/Editor/Data/PlaybackEngines/WindowsStandaloneSupport/UnityEditor.WindowsStandalone.Extensions.dll
Registered in 0.005449 seconds.
Native extension for WindowsStandalone target not found
Native extension for WebGL target not found
Refreshing native plugins compatible for Editor in 87.10 ms, found 4 plugins.
Preloading 0 native plugins for Editor in 0.00 ms.
Mono: successfully reloaded assembly
- Completed reload, in  0.560 seconds
Domain Reload Profiling:
	ReloadAssembly (560ms)
		BeginReloadAssembly (76ms)
			ExecutionOrderSort (0ms)
			DisableScriptedObjects (0ms)
			BackupInstance (0ms)
			ReleaseScriptingObjects (0ms)
			CreateAndSetChildDomain (1ms)
		EndReloadAssembly (397ms)
			LoadAssemblies (75ms)
			RebuildTransferFunctionScriptingTraits (0ms)
			SetupTypeCache (90ms)
			ReleaseScriptCaches (0ms)
			RebuildScriptCaches (25ms)
			SetupLoadedEditorAssemblies (239ms)
				LogAssemblyErrors (0ms)
				InitializePlatformSupportModulesInManaged (7ms)
				SetLoadedEditorAssemblies (0ms)
				RefreshPlugins (87ms)
				BeforeProcessingInitializeOnLoad (1ms)
				ProcessInitializeOnLoadAttributes (105ms)
				ProcessInitializeOnLoadMethodAttributes (38ms)
				AfterProcessingInitializeOnLoad (0ms)
				EditorAssembliesLoaded (0ms)
			ExecutionOrderSort2 (0ms)
			AwakeInstancesAfterBackupRestoration (0ms)
Platform modules already initialized, skipping
Registering precompiled user dll's ...
Registered in 0.004995 seconds.
Begin MonoManager ReloadAssembly
Symbol file LoadedFromMemory doesn't match image C:\Users\Alumno\My project (2)\Library\PackageCache\com.unity.visualscripting@1.8.0\Editor\VisualScripting.Core\Dependencies\YamlDotNet\Unity.VisualScripting.YamlDotNet.dll
Symbol file LoadedFromMemory doesn't match image C:\Users\Alumno\My project (2)\Library\PackageCache\com.unity.visualscripting@1.8.0\Editor\VisualScripting.Core\Dependencies\DotNetZip\Unity.VisualScripting.IonicZip.dll
Native extension for WindowsStandalone target not found
Native extension for WebGL target not found
Refreshing native plugins compatible for Editor in 90.49 ms, found 4 plugins.
Preloading 0 native plugins for Editor in 0.00 ms.
Mono: successfully reloaded assembly
- Completed reload, in  0.974 seconds
Domain Reload Profiling:
	ReloadAssembly (975ms)
		BeginReloadAssembly (99ms)
			ExecutionOrderSort (0ms)
			DisableScriptedObjects (5ms)
			BackupInstance (0ms)
			ReleaseScriptingObjects (0ms)
			CreateAndSetChildDomain (15ms)
		EndReloadAssembly (784ms)
			LoadAssemblies (75ms)
			RebuildTransferFunctionScriptingTraits (0ms)
			SetupTypeCache (201ms)
			ReleaseScriptCaches (1ms)
			RebuildScriptCaches (52ms)
			SetupLoadedEditorAssemblies (422ms)
				LogAssemblyErrors (0ms)
				InitializePlatformSupportModulesInManaged (5ms)
				SetLoadedEditorAssemblies (0ms)
				RefreshPlugins (91ms)
				BeforeProcessingInitializeOnLoad (80ms)
				ProcessInitializeOnLoadAttributes (209ms)
				ProcessInitializeOnLoadMethodAttributes (32ms)
				AfterProcessingInitializeOnLoad (6ms)
				EditorAssembliesLoaded (0ms)
			ExecutionOrderSort2 (0ms)
			AwakeInstancesAfterBackupRestoration (5ms)
Platform modules already initialized, skipping
========================================================================
Worker process is ready to serve import requests
Launched and connected shader compiler UnityShaderCompiler.exe after 0.03 seconds
Refreshing native plugins compatible for Editor in 0.72 ms, found 4 plugins.
Preloading 0 native plugins for Editor in 0.00 ms.
Unloading 3956 Unused Serialized files (Serialized files now loaded: 0)
Unloading 54 unused Assets / (300.2 KB). Loaded Objects now: 4410.
Memory consumption went from 153.2 MB to 152.9 MB.
Total: 3.137700 ms (FindLiveObjects: 0.290700 ms CreateObjectMapping: 0.234100 ms MarkObjects: 2.462500 ms  DeleteObjects: 0.149500 ms)

AssetImportParameters requested are different than current active one (requested -> active):
  custom:video-decoder-ogg-theora: a1e56fd34408186e4bbccfd4996cb3dc -> 
  custom:container-muxer-webm: aa71ff27fc2769a1b78a27578f13a17b -> 
  custom:container-demuxer-webm: 4f35f7cbe854078d1ac9338744f61a02 -> 
  custom:video-encoder-webm-vp8: eb34c28f22e8b96e1ab97ce403110664 -> 
  custom:video-codec-MediaFoundation-h265: 746d11721c4dcdbdad8f713fa42b33f4 -> 
  custom:audio-encoder-webm-vorbis: bf7c407c2cedff20999df2af8eb42d56 -> 
  custom:framework-win-MediaFoundation: 216162199b28c13a410421893ffa2e32 -> 
  custom:container-demuxer-ogg: 62fdf1f143b41e24485cea50d1cbac27 -> 
  custom:video-decoder-webm-vp8: 9c59270c3fd7afecdb556c50c9e8de78 -> 
  custom:audio-decoder-ogg-vorbis: bf7c407c2cedff20999df2af8eb42d56 -> 
========================================================================
Received Import Request.
  Time since last request: 831.712193 seconds.
  path: Assets/Musica/vida.mp3
  artifactKey: Guid(296d4cec7979d25429244459b3d85d90) Importer(815301076,1909f56bfc062723c751e8b465ee728b)
Start importing Assets/Musica/vida.mp3 using Guid(296d4cec7979d25429244459b3d85d90) Importer(815301076,1909f56bfc062723c751e8b465ee728b)  -> (artifact id: '7a58ee09b64f44cf66f1d2bafd292d72') in 0.187990 seconds 
========================================================================
Received Import Request.
  Time since last request: 0.000018 seconds.
  path: Assets/Musica/industty.mp3
  artifactKey: Guid(fd7e21fb010affa438172007c001b4fc) Importer(815301076,1909f56bfc062723c751e8b465ee728b)
Start importing Assets/Musica/industty.mp3 using Guid(fd7e21fb010affa438172007c001b4fc) Importer(815301076,1909f56bfc062723c751e8b465ee728b)  -> (artifact id: '9a79545fcf58cf33b6759f86cefe7dd8') in 0.009306 seconds 
========================================================================
Received Import Request.
  Time since last request: 0.000033 seconds.
  path: Assets/Musica/coin.flac
  artifactKey: Guid(864dac8c7103c774e8f3e8d89d34190c) Importer(815301076,1909f56bfc062723c751e8b465ee728b)
Start importing Assets/Musica/coin.flac using Guid(864dac8c7103c774e8f3e8d89d34190c) Importer(815301076,1909f56bfc062723c751e8b465ee728b)  -> (artifact id: '01c4a7463b6b5c437795ab92097bfbaf') in 0.008906 seconds 
========================================================================
Received Import Request.
  Time since last request: 0.000013 seconds.
  path: Assets/Musica/dreams.mp3
  artifactKey: Guid(ee037718afce7024aa11ea6968f1e71f) Importer(815301076,1909f56bfc062723c751e8b465ee728b)
Start importing Assets/Musica/dreams.mp3 using Guid(ee037718afce7024aa11ea6968f1e71f) Importer(815301076,1909f56bfc062723c751e8b465ee728b)  -> (artifact id: '47866112645b746e46641484520cf6a9') in 0.008933 seconds 
========================================================================
Received Import Request.
  Time since last request: 0.000015 seconds.
  path: Assets/Musica/Cat Song 1.2.wav
  artifactKey: Guid(c94efe133ce31e14686627f8c40203a1) Importer(815301076,1909f56bfc062723c751e8b465ee728b)
Start importing Assets/Musica/Cat Song 1.2.wav using Guid(c94efe133ce31e14686627f8c40203a1) Importer(815301076,1909f56bfc062723c751e8b465ee728b)  -> (artifact id: '5b78e45697888aacc0f0fb2d1e7be910') in 0.009595 seconds 
========================================================================
Received Import Request.
  Time since last request: 0.000013 seconds.
  path: Assets/Musica/tututu.mp3
  artifactKey: Guid(4c8600d2905803041abfb97299a1b785) Importer(815301076,1909f56bfc062723c751e8b465ee728b)
Start importing Assets/Musica/tututu.mp3 using Guid(4c8600d2905803041abfb97299a1b785) Importer(815301076,1909f56bfc062723c751e8b465ee728b)  -> (artifact id: '3100d5416d2aad732db3220386ea6df4') in 0.008877 seconds 
========================================================================
Received Import Request.
  Time since last request: 0.000014 seconds.
  path: Assets/cosas/fricion.physicsMaterial2D
  artifactKey: Guid(9b975ba0e817e764fa77cc53d0e2bb89) Importer(815301076,1909f56bfc062723c751e8b465ee728b)
Start importing Assets/cosas/fricion.physicsMaterial2D using Guid(9b975ba0e817e764fa77cc53d0e2bb89) Importer(815301076,1909f56bfc062723c751e8b465ee728b)  -> (artifact id: '1468addb71986f47cb420dc3f391ec06') in 0.006215 seconds 
========================================================================
Received Import Request.
  Time since last request: 0.000013 seconds.
  path: Assets/Prefabs/Moneda .prefab
  artifactKey: Guid(20b6568340c97fb44954f81e55a937cf) Importer(815301076,1909f56bfc062723c751e8b465ee728b)
Start importing Assets/Prefabs/Moneda .prefab using Guid(20b6568340c97fb44954f81e55a937cf) Importer(815301076,1909f56bfc062723c751e8b465ee728b)  -> (artifact id: 'b76fee6f23739637f94d4f2b9e9b5dcd') in 0.118320 seconds 
========================================================================
Received Import Request.
  Time since last request: 0.000015 seconds.
  path: Assets/Musica/deep down.mp3
  artifactKey: Guid(c892ca8ed5843cc46a11588eac923a8c) Importer(815301076,1909f56bfc062723c751e8b465ee728b)
Start importing Assets/Musica/deep down.mp3 using Guid(c892ca8ed5843cc46a11588eac923a8c) Importer(815301076,1909f56bfc062723c751e8b465ee728b)  -> (artifact id: 'b24ae050e2c785b78abcc13479d604e8') in 0.016778 seconds 
========================================================================
Received Import Request.
  Time since last request: 0.000017 seconds.
  path: Assets/Musica/girigiri.mp3
  artifactKey: Guid(7eafd532b876b1046abcc99c2e010b20) Importer(815301076,1909f56bfc062723c751e8b465ee728b)
Start importing Assets/Musica/girigiri.mp3 using Guid(7eafd532b876b1046abcc99c2e010b20) Importer(815301076,1909f56bfc062723c751e8b465ee728b)  -> (artifact id: '335d87bcc4654c87a37e3207504ffb1c') in 0.008472 seconds 
========================================================================
Received Import Request.
  Time since last request: 0.000023 seconds.
  path: Assets/Musica/Insert Coin.mp3
  artifactKey: Guid(5dd8beaf9166a394a923e97495910639) Importer(815301076,1909f56bfc062723c751e8b465ee728b)
Start importing Assets/Musica/Insert Coin.mp3 using Guid(5dd8beaf9166a394a923e97495910639) Importer(815301076,1909f56bfc062723c751e8b465ee728b)  -> (artifact id: '15b76128eb2bdc18f085c93130b636f1') in 0.008453 seconds 
========================================================================
Received Import Request.
  Time since last request: 1.718760 seconds.
  path: Assets/Scenes/Inicio.unity
  artifactKey: Guid(bcff4343c1a181349908095ee3aa703d) Importer(815301076,1909f56bfc062723c751e8b465ee728b)
Start importing Assets/Scenes/Inicio.unity using Guid(bcff4343c1a181349908095ee3aa703d) Importer(815301076,1909f56bfc062723c751e8b465ee728b)  -> (artifact id: 'fc7527c5c88db79fdbd20ec5de960f57') in 0.012651 seconds 
