Using pre-set license
Built from '2021.3/staging' branch; Version is '2021.3.25f1 (68ef2c4f8861) revision 6876972'; Using compiler version '192829333'; Build Type 'Release'
OS: 'Windows 10  (10.0.19044) 64bit Professional' Language: 'es' Physical Memory: 16332 MB
BatchMode: 1, IsHumanControllingUs: 0, StartBugReporterOnCrash: 0, Is64bit: 1, IsPro: 1

COMMAND LINE ARGUMENTS:
C:\Program Files\Unity\Hub\Editor\2021.3.25f1\Editor\Unity.exe
-adb2
-batchMode
-noUpm
-name
AssetImportWorker2
-projectPath
C:/Users/GASPAR/Desktop/JoyBox/tetris2
-logFile
Logs/AssetImportWorker2.log
-srvPort
58619
Successfully changed project path to: C:/Users/GASPAR/Desktop/JoyBox/tetris2
C:/Users/GASPAR/Desktop/JoyBox/tetris2
[UnityMemory] Configuration Parameters - Can be set up in boot.config
    "memorysetup-bucket-allocator-granularity=16"
    "memorysetup-bucket-allocator-bucket-count=8"
    "memorysetup-bucket-allocator-block-size=33554432"
    "memorysetup-bucket-allocator-block-count=8"
    "memorysetup-main-allocator-block-size=16777216"
    "memorysetup-thread-allocator-block-size=16777216"
    "memorysetup-gfx-main-allocator-block-size=16777216"
    "memorysetup-gfx-thread-allocator-block-size=16777216"
    "memorysetup-cache-allocator-block-size=4194304"
    "memorysetup-typetree-allocator-block-size=2097152"
    "memorysetup-profiler-bucket-allocator-granularity=16"
    "memorysetup-profiler-bucket-allocator-bucket-count=8"
    "memorysetup-profiler-bucket-allocator-block-size=33554432"
    "memorysetup-profiler-bucket-allocator-block-count=8"
    "memorysetup-profiler-allocator-block-size=16777216"
    "memorysetup-profiler-editor-allocator-block-size=1048576"
    "memorysetup-temp-allocator-size-main=16777216"
    "memorysetup-job-temp-allocator-block-size=2097152"
    "memorysetup-job-temp-allocator-block-size-background=1048576"
    "memorysetup-job-temp-allocator-reduction-small-platforms=262144"
    "memorysetup-temp-allocator-size-background-worker=32768"
    "memorysetup-temp-allocator-size-job-worker=262144"
    "memorysetup-temp-allocator-size-preload-manager=33554432"
    "memorysetup-temp-allocator-size-nav-mesh-worker=65536"
    "memorysetup-temp-allocator-size-audio-worker=65536"
    "memorysetup-temp-allocator-size-cloud-worker=32768"
    "memorysetup-temp-allocator-size-gi-baking-worker=262144"
    "memorysetup-temp-allocator-size-gfx=262144"
Player connection [33084] Host "[IP] 26.209.249.101 [Port] 0 [Flags] 2 [Guid] 2018200174 [EditorId] 2018200174 [Version] 1048832 [Id] WindowsEditor(7,DESKTOP-8AFNI6J) [Debug] 1 [PackageName] WindowsEditor [ProjectName] Editor" joined multi-casting on [225.0.0.222:54997]...

Player connection [33084] Host "[IP] 26.209.249.101 [Port] 0 [Flags] 2 [Guid] 2018200174 [EditorId] 2018200174 [Version] 1048832 [Id] WindowsEditor(7,DESKTOP-8AFNI6J) [Debug] 1 [PackageName] WindowsEditor [ProjectName] Editor" joined alternative multi-casting on [225.0.0.222:34997]...

Refreshing native plugins compatible for Editor in 100.39 ms, found 4 plugins.
Preloading 0 native plugins for Editor in 0.00 ms.
Initialize engine version: 2021.3.25f1 (68ef2c4f8861)
[Subsystems] Discovering subsystems at path C:/Program Files/Unity/Hub/Editor/2021.3.25f1/Editor/Data/Resources/UnitySubsystems
[Subsystems] Discovering subsystems at path C:/Users/GASPAR/Desktop/JoyBox/tetris2/Assets
GfxDevice: creating device client; threaded=0; jobified=0
Direct3D:
    Version:  Direct3D 11.0 [level 11.1]
    Renderer: NVIDIA GeForce RTX 3050 (ID=0x2507)
    Vendor:   NVIDIA
    VRAM:     8056 MB
    Driver:   31.0.15.2756
Initialize mono
Mono path[0] = 'C:/Program Files/Unity/Hub/Editor/2021.3.25f1/Editor/Data/Managed'
Mono path[1] = 'C:/Program Files/Unity/Hub/Editor/2021.3.25f1/Editor/Data/MonoBleedingEdge/lib/mono/unityjit-win32'
Mono config path = 'C:/Program Files/Unity/Hub/Editor/2021.3.25f1/Editor/Data/MonoBleedingEdge/etc'
Using monoOptions --debugger-agent=transport=dt_socket,embedding=1,server=y,suspend=n,address=127.0.0.1:56268
Begin MonoManager ReloadAssembly
Registering precompiled unity dll's ...
Register platform support module: C:/Program Files/Unity/Hub/Editor/2021.3.25f1/Editor/Data/PlaybackEngines/WindowsStandaloneSupport/UnityEditor.WindowsStandalone.Extensions.dll
Registered in 0.008436 seconds.
Native extension for WindowsStandalone target not found
Refreshing native plugins compatible for Editor in 78.24 ms, found 4 plugins.
Preloading 0 native plugins for Editor in 0.00 ms.
Mono: successfully reloaded assembly
- Completed reload, in  0.658 seconds
Domain Reload Profiling:
	ReloadAssembly (659ms)
		BeginReloadAssembly (92ms)
			ExecutionOrderSort (0ms)
			DisableScriptedObjects (0ms)
			BackupInstance (0ms)
			ReleaseScriptingObjects (0ms)
			CreateAndSetChildDomain (1ms)
		EndReloadAssembly (456ms)
			LoadAssemblies (89ms)
			RebuildTransferFunctionScriptingTraits (0ms)
			SetupTypeCache (132ms)
			ReleaseScriptCaches (0ms)
			RebuildScriptCaches (31ms)
			SetupLoadedEditorAssemblies (233ms)
				LogAssemblyErrors (0ms)
				InitializePlatformSupportModulesInManaged (8ms)
				SetLoadedEditorAssemblies (0ms)
				RefreshPlugins (78ms)
				BeforeProcessingInitializeOnLoad (1ms)
				ProcessInitializeOnLoadAttributes (104ms)
				ProcessInitializeOnLoadMethodAttributes (41ms)
				AfterProcessingInitializeOnLoad (0ms)
				EditorAssembliesLoaded (0ms)
			ExecutionOrderSort2 (0ms)
			AwakeInstancesAfterBackupRestoration (0ms)
Platform modules already initialized, skipping
Registering precompiled user dll's ...
Registered in 0.009762 seconds.
Begin MonoManager ReloadAssembly
Symbol file LoadedFromMemory doesn't match image C:\Users\GASPAR\Desktop\JoyBox\tetris2\Library\PackageCache\com.unity.visualscripting@1.8.0\Editor\VisualScripting.Core\Dependencies\YamlDotNet\Unity.VisualScripting.YamlDotNet.dll
Symbol file LoadedFromMemory doesn't match image C:\Users\GASPAR\Desktop\JoyBox\tetris2\Library\PackageCache\com.unity.visualscripting@1.8.0\Editor\VisualScripting.Core\Dependencies\DotNetZip\Unity.VisualScripting.IonicZip.dll
Native extension for WindowsStandalone target not found
Refreshing native plugins compatible for Editor in 81.01 ms, found 4 plugins.
Preloading 0 native plugins for Editor in 0.00 ms.
Mono: successfully reloaded assembly
- Completed reload, in  1.079 seconds
Domain Reload Profiling:
	ReloadAssembly (1079ms)
		BeginReloadAssembly (130ms)
			ExecutionOrderSort (0ms)
			DisableScriptedObjects (5ms)
			BackupInstance (0ms)
			ReleaseScriptingObjects (0ms)
			CreateAndSetChildDomain (20ms)
		EndReloadAssembly (835ms)
			LoadAssemblies (106ms)
			RebuildTransferFunctionScriptingTraits (0ms)
			SetupTypeCache (214ms)
			ReleaseScriptCaches (1ms)
			RebuildScriptCaches (51ms)
			SetupLoadedEditorAssemblies (440ms)
				LogAssemblyErrors (0ms)
				InitializePlatformSupportModulesInManaged (5ms)
				SetLoadedEditorAssemblies (0ms)
				RefreshPlugins (81ms)
				BeforeProcessingInitializeOnLoad (93ms)
				ProcessInitializeOnLoadAttributes (220ms)
				ProcessInitializeOnLoadMethodAttributes (31ms)
				AfterProcessingInitializeOnLoad (11ms)
				EditorAssembliesLoaded (0ms)
			ExecutionOrderSort2 (0ms)
			AwakeInstancesAfterBackupRestoration (5ms)
Platform modules already initialized, skipping
========================================================================
Worker process is ready to serve import requests
Launched and connected shader compiler UnityShaderCompiler.exe after 0.06 seconds
Refreshing native plugins compatible for Editor in 0.92 ms, found 4 plugins.
Preloading 0 native plugins for Editor in 0.00 ms.
Unloading 3736 Unused Serialized files (Serialized files now loaded: 0)
Unloading 41 unused Assets / (229.4 KB). Loaded Objects now: 4190.
Memory consumption went from 142.8 MB to 142.6 MB.
Total: 3.311000 ms (FindLiveObjects: 0.402400 ms CreateObjectMapping: 0.098400 ms MarkObjects: 2.555900 ms  DeleteObjects: 0.253200 ms)

AssetImportParameters requested are different than current active one (requested -> active):
  custom:video-decoder-ogg-theora: a1e56fd34408186e4bbccfd4996cb3dc -> 
  custom:container-muxer-webm: aa71ff27fc2769a1b78a27578f13a17b -> 
  custom:container-demuxer-webm: 4f35f7cbe854078d1ac9338744f61a02 -> 
  custom:video-encoder-webm-vp8: eb34c28f22e8b96e1ab97ce403110664 -> 
  custom:audio-encoder-webm-vorbis: bf7c407c2cedff20999df2af8eb42d56 -> 
  custom:framework-win-MediaFoundation: 216162199b28c13a410421893ffa2e32 -> 
  custom:container-demuxer-ogg: 62fdf1f143b41e24485cea50d1cbac27 -> 
  custom:video-decoder-webm-vp8: 9c59270c3fd7afecdb556c50c9e8de78 -> 
  custom:audio-decoder-ogg-vorbis: bf7c407c2cedff20999df2af8eb42d56 -> 
========================================================================
Received Import Request.
  Time since last request: 1512169.177667 seconds.
  path: Assets/Images/Blue.png
  artifactKey: Guid(7867814d4d25abb43b7dee64a7bd9db0) Importer(815301076,1909f56bfc062723c751e8b465ee728b)
Start importing Assets/Images/Blue.png using Guid(7867814d4d25abb43b7dee64a7bd9db0) Importer(815301076,1909f56bfc062723c751e8b465ee728b)  -> (artifact id: 'b07cb489723354aaa7c6d648de4127ac') in 0.132608 seconds 
========================================================================
Received Import Request.
  Time since last request: 22.837163 seconds.
  path: Assets/Tiles/Blocks.prefab
  artifactKey: Guid(c9a8b855f73ee084fa6ccc8b5acef614) Importer(815301076,1909f56bfc062723c751e8b465ee728b)
Start importing Assets/Tiles/Blocks.prefab using Guid(c9a8b855f73ee084fa6ccc8b5acef614) Importer(815301076,1909f56bfc062723c751e8b465ee728b)  -> (artifact id: '868a91a688967402d29c50e39b6bc876') in 0.038201 seconds 
========================================================================
Received Import Request.
  Time since last request: 11.700674 seconds.
  path: Assets/Images/Blue.asset
  artifactKey: Guid(f1a6848a5930d7146add4e1983bbc64e) Importer(815301076,1909f56bfc062723c751e8b465ee728b)
Start importing Assets/Images/Blue.asset using Guid(f1a6848a5930d7146add4e1983bbc64e) Importer(815301076,1909f56bfc062723c751e8b465ee728b)  -> (artifact id: 'e3dfd23ad0b543721512295e8b461aed') in 0.013066 seconds 
========================================================================
Received Import Request.
  Time since last request: 0.000035 seconds.
  path: Assets/Images/Purple.asset
  artifactKey: Guid(838e83cb603b18c4297522fcf462a204) Importer(815301076,1909f56bfc062723c751e8b465ee728b)
Start importing Assets/Images/Purple.asset using Guid(838e83cb603b18c4297522fcf462a204) Importer(815301076,1909f56bfc062723c751e8b465ee728b)  -> (artifact id: '1d8f600970444b9f7c2f82558b6aadf8') in 0.011228 seconds 
========================================================================
Received Import Request.
  Time since last request: 10.503512 seconds.
  path: Assets/Tiles/Blocks.prefab
  artifactKey: Guid(c9a8b855f73ee084fa6ccc8b5acef614) Importer(815301076,1909f56bfc062723c751e8b465ee728b)
Start importing Assets/Tiles/Blocks.prefab using Guid(c9a8b855f73ee084fa6ccc8b5acef614) Importer(815301076,1909f56bfc062723c751e8b465ee728b)  -> (artifact id: 'b76be80ec6ca7368da3c77e1b9c66b65') in 0.016709 seconds 
========================================================================
Received Import Request.
  Time since last request: 71.978588 seconds.
  path: Assets/Images/Blue.png
  artifactKey: Guid(7867814d4d25abb43b7dee64a7bd9db0) Importer(815301076,1909f56bfc062723c751e8b465ee728b)
Start importing Assets/Images/Blue.png using Guid(7867814d4d25abb43b7dee64a7bd9db0) Importer(815301076,1909f56bfc062723c751e8b465ee728b)  -> (artifact id: '21573eeacca0c20c4d84903e6270eab1') in 0.008287 seconds 
========================================================================
Received Import Request.
  Time since last request: 3.048808 seconds.
  path: Assets/Images/Cyan.png
  artifactKey: Guid(3daed088d839b1f4982d76d0f9bab9fd) Importer(815301076,1909f56bfc062723c751e8b465ee728b)
Start importing Assets/Images/Cyan.png using Guid(3daed088d839b1f4982d76d0f9bab9fd) Importer(815301076,1909f56bfc062723c751e8b465ee728b)  -> (artifact id: 'f2e75743f9168c8e85308888204d94d8') in 0.009076 seconds 
========================================================================
Received Import Request.
  Time since last request: 6.360385 seconds.
  path: Assets/Images/Ghost.png
  artifactKey: Guid(2a1ce246b88a1f04eb2f3ee3a5b24f39) Importer(815301076,1909f56bfc062723c751e8b465ee728b)
Start importing Assets/Images/Ghost.png using Guid(2a1ce246b88a1f04eb2f3ee3a5b24f39) Importer(815301076,1909f56bfc062723c751e8b465ee728b)  -> (artifact id: '1348ba3850ba37b5dc655485d4073cbd') in 0.012761 seconds 
========================================================================
Received Import Request.
  Time since last request: 3.019846 seconds.
  path: Assets/Images/Green.png
  artifactKey: Guid(de3310bb2ecb4df48b652e09f18d0659) Importer(815301076,1909f56bfc062723c751e8b465ee728b)
Start importing Assets/Images/Green.png using Guid(de3310bb2ecb4df48b652e09f18d0659) Importer(815301076,1909f56bfc062723c751e8b465ee728b)  -> (artifact id: '7ba38ed689433521edf5be4a9d9360f8') in 0.009613 seconds 
========================================================================
Received Import Request.
  Time since last request: 3.855735 seconds.
  path: Assets/Images/Orange.png
  artifactKey: Guid(d7265ba56c6f39943b6398925b476765) Importer(815301076,1909f56bfc062723c751e8b465ee728b)
Start importing Assets/Images/Orange.png using Guid(d7265ba56c6f39943b6398925b476765) Importer(815301076,1909f56bfc062723c751e8b465ee728b)  -> (artifact id: 'ef83aaf7fbab678e39a116804d250df3') in 0.009736 seconds 
========================================================================
Received Import Request.
  Time since last request: 3.204001 seconds.
  path: Assets/Images/Purple.png
  artifactKey: Guid(52ff444bdf145e6488add03a942520cb) Importer(815301076,1909f56bfc062723c751e8b465ee728b)
Start importing Assets/Images/Purple.png using Guid(52ff444bdf145e6488add03a942520cb) Importer(815301076,1909f56bfc062723c751e8b465ee728b)  -> (artifact id: 'dbde4f1a92ddd9afcdf75e1ccffcab25') in 0.011533 seconds 
========================================================================
Received Import Request.
  Time since last request: 2.618650 seconds.
  path: Assets/Images/Red.png
  artifactKey: Guid(f447974b78ffbf2459e42f55b19a1031) Importer(815301076,1909f56bfc062723c751e8b465ee728b)
Start importing Assets/Images/Red.png using Guid(f447974b78ffbf2459e42f55b19a1031) Importer(815301076,1909f56bfc062723c751e8b465ee728b)  -> (artifact id: '02eab5e9d2f0c7f483794f45e47b98e5') in 0.008906 seconds 
========================================================================
Received Import Request.
  Time since last request: 2.611639 seconds.
  path: Assets/Images/Yellow.png
  artifactKey: Guid(3bbd97aebf9381a409c295ec5a57b24a) Importer(815301076,1909f56bfc062723c751e8b465ee728b)
Start importing Assets/Images/Yellow.png using Guid(3bbd97aebf9381a409c295ec5a57b24a) Importer(815301076,1909f56bfc062723c751e8b465ee728b)  -> (artifact id: 'e5cea0ca04bcbe5432d7e8cc1b62b8f4') in 0.012603 seconds 
========================================================================
Received Import Request.
  Time since last request: 44.934258 seconds.
  path: Assets/Tiles/Blocks.prefab
  artifactKey: Guid(c9a8b855f73ee084fa6ccc8b5acef614) Importer(815301076,1909f56bfc062723c751e8b465ee728b)
Start importing Assets/Tiles/Blocks.prefab using Guid(c9a8b855f73ee084fa6ccc8b5acef614) Importer(815301076,1909f56bfc062723c751e8b465ee728b)  -> (artifact id: 'cb95c171691e8377c1af28fad6562e94') in 0.018281 seconds 
========================================================================
Received Import Request.
  Time since last request: 0.004810 seconds.
  path: Assets/Tiles/Purple.asset
  artifactKey: Guid(4b545acaf41932d4eae7ddf2cbb7abf5) Importer(815301076,1909f56bfc062723c751e8b465ee728b)
Start importing Assets/Tiles/Purple.asset using Guid(4b545acaf41932d4eae7ddf2cbb7abf5) Importer(815301076,1909f56bfc062723c751e8b465ee728b)  -> (artifact id: '8161f5ca169a6699081ebe0eb5e9de5d') in 0.008496 seconds 
========================================================================
Received Import Request.
  Time since last request: 0.000029 seconds.
  path: Assets/Tiles/Ghost.asset
  artifactKey: Guid(0c85dd7f48faac84b97cef2b885a489f) Importer(815301076,1909f56bfc062723c751e8b465ee728b)
Start importing Assets/Tiles/Ghost.asset using Guid(0c85dd7f48faac84b97cef2b885a489f) Importer(815301076,1909f56bfc062723c751e8b465ee728b)  -> (artifact id: 'f090f5597d427e94e016c0b92806b6e7') in 0.006355 seconds 
========================================================================
Received Import Request.
  Time since last request: 0.000018 seconds.
  path: Assets/Tiles/Green.asset
  artifactKey: Guid(99c98f77cf5a3054cbc3db757be02e94) Importer(815301076,1909f56bfc062723c751e8b465ee728b)
Start importing Assets/Tiles/Green.asset using Guid(99c98f77cf5a3054cbc3db757be02e94) Importer(815301076,1909f56bfc062723c751e8b465ee728b)  -> (artifact id: 'b4030cf0dc717d1c022b48e414a79122') in 0.009843 seconds 
========================================================================
Received Prepare
Registering precompiled user dll's ...
Registered in 0.009731 seconds.
Begin MonoManager ReloadAssembly
Symbol file LoadedFromMemory doesn't match image C:\Users\GASPAR\Desktop\JoyBox\tetris2\Library\PackageCache\com.unity.visualscripting@1.8.0\Editor\VisualScripting.Core\Dependencies\YamlDotNet\Unity.VisualScripting.YamlDotNet.dll
Symbol file LoadedFromMemory doesn't match image C:\Users\GASPAR\Desktop\JoyBox\tetris2\Library\PackageCache\com.unity.visualscripting@1.8.0\Editor\VisualScripting.Core\Dependencies\DotNetZip\Unity.VisualScripting.IonicZip.dll
Native extension for WindowsStandalone target not found
Refreshing native plugins compatible for Editor in 0.83 ms, found 4 plugins.
Preloading 0 native plugins for Editor in 0.00 ms.
Mono: successfully reloaded assembly
- Completed reload, in  1.086 seconds
Domain Reload Profiling:
	ReloadAssembly (1086ms)
		BeginReloadAssembly (168ms)
			ExecutionOrderSort (0ms)
			DisableScriptedObjects (7ms)
			BackupInstance (0ms)
			ReleaseScriptingObjects (0ms)
			CreateAndSetChildDomain (45ms)
		EndReloadAssembly (804ms)
			LoadAssemblies (120ms)
			RebuildTransferFunctionScriptingTraits (0ms)
			SetupTypeCache (258ms)
			ReleaseScriptCaches (2ms)
			RebuildScriptCaches (54ms)
			SetupLoadedEditorAssemblies (341ms)
				LogAssemblyErrors (0ms)
				InitializePlatformSupportModulesInManaged (8ms)
				SetLoadedEditorAssemblies (1ms)
				RefreshPlugins (1ms)
				BeforeProcessingInitializeOnLoad (90ms)
				ProcessInitializeOnLoadAttributes (191ms)
				ProcessInitializeOnLoadMethodAttributes (36ms)
				AfterProcessingInitializeOnLoad (15ms)
				EditorAssembliesLoaded (0ms)
			ExecutionOrderSort2 (0ms)
			AwakeInstancesAfterBackupRestoration (9ms)
Platform modules already initialized, skipping
Refreshing native plugins compatible for Editor in 3.35 ms, found 4 plugins.
Preloading 0 native plugins for Editor in 0.00 ms.
Unloading 3731 Unused Serialized files (Serialized files now loaded: 0)
Unloading 28 unused Assets / (195.6 KB). Loaded Objects now: 4205.
Memory consumption went from 146.8 MB to 146.6 MB.
Total: 3.044100 ms (FindLiveObjects: 0.302600 ms CreateObjectMapping: 0.085500 ms MarkObjects: 2.514000 ms  DeleteObjects: 0.141400 ms)

AssetImportParameters requested are different than current active one (requested -> active):
  custom:video-decoder-ogg-theora: a1e56fd34408186e4bbccfd4996cb3dc -> 
  custom:container-muxer-webm: aa71ff27fc2769a1b78a27578f13a17b -> 
  custom:container-demuxer-webm: 4f35f7cbe854078d1ac9338744f61a02 -> 
  custom:video-encoder-webm-vp8: eb34c28f22e8b96e1ab97ce403110664 -> 
  custom:audio-encoder-webm-vorbis: bf7c407c2cedff20999df2af8eb42d56 -> 
  custom:framework-win-MediaFoundation: 216162199b28c13a410421893ffa2e32 -> 
  custom:container-demuxer-ogg: 62fdf1f143b41e24485cea50d1cbac27 -> 
  custom:video-decoder-webm-vp8: 9c59270c3fd7afecdb556c50c9e8de78 -> 
  custom:audio-decoder-ogg-vorbis: bf7c407c2cedff20999df2af8eb42d56 -> 
Editor requested this worker to shutdown with reason: Scaling down because of idle timeout
AssetImportWorker is now disconnected from the server
Process exiting
Exiting without the bug reporter. Application will terminate with return code 0